{
  "stats": {
    "suites": 4,
    "tests": 3,
    "passes": 3,
    "pending": 0,
    "failures": 0,
    "start": "2026-03-18T22:55:15.593Z",
    "end": "2026-03-18T22:55:15.663Z",
    "duration": 70,
    "testsRegistered": 3,
    "passPercent": 100,
    "pendingPercent": 0,
    "other": 0,
    "hasOther": false,
    "skipped": 0,
    "hasSkipped": false
  },
  "results": [
    {
      "uuid": "0ff87cce-daef-497c-9a23-1b14ac229fa8",
      "title": "",
      "fullFile": "",
      "file": "",
      "beforeHooks": [],
      "afterHooks": [],
      "tests": [],
      "suites": [
        {
          "uuid": "d172a14c-3843-4696-a1d1-f2ade033a8df",
          "title": "Login",
          "fullFile": "C:\\Projetos\\banco-api-tests\\test\\login.test.js",
          "file": "\\test\\login.test.js",
          "beforeHooks": [],
          "afterHooks": [],
          "tests": [],
          "suites": [
            {
              "uuid": "8dc069c0-1f5c-4084-9a2d-05e6f8760440",
              "title": "POST /login",
              "fullFile": "C:\\Projetos\\banco-api-tests\\test\\login.test.js",
              "file": "\\test\\login.test.js",
              "beforeHooks": [],
              "afterHooks": [],
              "tests": [
                {
                  "title": "Deve retornar 200 ao utilizar credenciais válidas",
                  "fullTitle": "Login POST /login Deve retornar 200 ao utilizar credenciais válidas",
                  "timedOut": false,
                  "duration": 33,
                  "state": "passed",
                  "speed": "fast",
                  "pass": true,
                  "fail": false,
                  "pending": false,
                  "context": null,
                  "code": "const resposta = await request(process.env.BASE_URL)\n    .post('/login')\n    .set('Content-Type', 'application/json')\n    .send({\n        'username': 'julio.lima',\n        'senha': '123456'\n        })\n\n\nexpect(resposta.status).to.equal(200);\nexpect(resposta.body.token).to.be.a('string');",
                  "err": {},
                  "uuid": "7c96823a-5319-4dc5-a432-9bd427474927",
                  "parentUUID": "8dc069c0-1f5c-4084-9a2d-05e6f8760440",
                  "isHook": false,
                  "skipped": false
                }
              ],
              "suites": [],
              "passes": [
                "7c96823a-5319-4dc5-a432-9bd427474927"
              ],
              "failures": [],
              "pending": [],
              "skipped": [],
              "duration": 33,
              "root": false,
              "rootEmpty": false,
              "_timeout": 200000
            }
          ],
          "passes": [],
          "failures": [],
          "pending": [],
          "skipped": [],
          "duration": 0,
          "root": false,
          "rootEmpty": false,
          "_timeout": 200000
        },
        {
          "uuid": "0d4f60d5-119d-4881-ac2d-c637842d9e54",
          "title": "Transferencias",
          "fullFile": "C:\\Projetos\\banco-api-tests\\test\\transferencia.test.js",
          "file": "\\test\\transferencia.test.js",
          "beforeHooks": [],
          "afterHooks": [],
          "tests": [],
          "suites": [
            {
              "uuid": "1b9628b9-3aff-485c-bf68-6b9048826fbf",
              "title": "POST /transferencias",
              "fullFile": "C:\\Projetos\\banco-api-tests\\test\\transferencia.test.js",
              "file": "\\test\\transferencia.test.js",
              "beforeHooks": [
                {
                  "title": "\"before each\" hook in \"POST /transferencias\"",
                  "fullTitle": "Transferencias POST /transferencias \"before each\" hook in \"POST /transferencias\"",
                  "timedOut": false,
                  "duration": 4,
                  "state": null,
                  "speed": null,
                  "pass": false,
                  "fail": false,
                  "pending": false,
                  "context": null,
                  "code": "token = await obterToken('julio.lima', '123456')",
                  "err": {},
                  "uuid": "d1f2714c-0c77-4383-aa8d-154a2c49c9e4",
                  "parentUUID": "1b9628b9-3aff-485c-bf68-6b9048826fbf",
                  "isHook": true,
                  "skipped": false
                }
              ],
              "afterHooks": [],
              "tests": [
                {
                  "title": "Deve retornar sucesso com 201 quando o valor da transferência for acima de 10 reais",
                  "fullTitle": "Transferencias POST /transferencias Deve retornar sucesso com 201 quando o valor da transferência for acima de 10 reais",
                  "timedOut": false,
                  "duration": 19,
                  "state": "passed",
                  "speed": "fast",
                  "pass": true,
                  "fail": false,
                  "pending": false,
                  "context": null,
                  "code": "const resposta = await request(process.env.BASE_URL)\n      .post('/transferencias')\n      .set('Content-Type', 'application/json')\n      .set('Authorization', `Bearer ${token}`)\n      .send({\n          'contaOrigem': 1,\n          'contaDestino': 2,\n          'valor': 11,\n          'token': \"\"\n      })\n  \n  expect(resposta.status).to.equal(201);\n  console.log(resposta.body)",
                  "err": {},
                  "uuid": "ea522f80-9668-4298-8176-d20df815511c",
                  "parentUUID": "1b9628b9-3aff-485c-bf68-6b9048826fbf",
                  "isHook": false,
                  "skipped": false
                },
                {
                  "title": "Deve retornar falha com 422 quando o valor da transferência for abaixo de 10 reais",
                  "fullTitle": "Transferencias POST /transferencias Deve retornar falha com 422 quando o valor da transferência for abaixo de 10 reais",
                  "timedOut": false,
                  "duration": 4,
                  "state": "passed",
                  "speed": "fast",
                  "pass": true,
                  "fail": false,
                  "pending": false,
                  "context": null,
                  "code": "const resposta = await request('http://localhost:3000')\n    .post('/transferencias')\n    .set('Content-Type', 'application/json')\n    .set('Authorization', `Bearer ${token}`)\n    .send({\n        'contaOrigem': 1,\n        'contaDestino': 2,\n        'valor': 8,\n        'token': \"\"\n    })\n\nexpect(resposta.status).to.equal(422);\nconsole.log(resposta.body)",
                  "err": {},
                  "uuid": "73969ded-f67a-41e0-affe-d1cc230a7268",
                  "parentUUID": "1b9628b9-3aff-485c-bf68-6b9048826fbf",
                  "isHook": false,
                  "skipped": false
                }
              ],
              "suites": [],
              "passes": [
                "ea522f80-9668-4298-8176-d20df815511c",
                "73969ded-f67a-41e0-affe-d1cc230a7268"
              ],
              "failures": [],
              "pending": [],
              "skipped": [],
              "duration": 23,
              "root": false,
              "rootEmpty": false,
              "_timeout": 200000
            }
          ],
          "passes": [],
          "failures": [],
          "pending": [],
          "skipped": [],
          "duration": 0,
          "root": false,
          "rootEmpty": false,
          "_timeout": 200000
        }
      ],
      "passes": [],
      "failures": [],
      "pending": [],
      "skipped": [],
      "duration": 0,
      "root": true,
      "rootEmpty": true,
      "_timeout": 200000
    }
  ],
  "meta": {
    "mocha": {
      "version": "11.7.5"
    },
    "mochawesome": {
      "options": {
        "quiet": false,
        "reportFilename": "mochawesome",
        "saveHtml": true,
        "saveJson": true,
        "consoleReporter": "spec",
        "useInlineDiffs": false,
        "code": true
      },
      "version": "7.1.4"
    },
    "marge": {
      "options": null,
      "version": "6.3.2"
    }
  }
}