{
  "stats": {
    "suites": 4,
    "tests": 3,
    "passes": 3,
    "pending": 0,
    "failures": 0,
    "start": "2026-03-18T23:18:51.250Z",
    "end": "2026-03-18T23:18:51.538Z",
    "duration": 288,
    "testsRegistered": 3,
    "passPercent": 100,
    "pendingPercent": 0,
    "other": 0,
    "hasOther": false,
    "skipped": 0,
    "hasSkipped": false
  },
  "results": [
    {
      "uuid": "d785c466-91db-4706-a62f-1bb93b6354f1",
      "title": "",
      "fullFile": "",
      "file": "",
      "beforeHooks": [],
      "afterHooks": [],
      "tests": [],
      "suites": [
        {
          "uuid": "a6557ceb-9986-490c-abfe-302d8c97610c",
          "title": "Login",
          "fullFile": "C:\\Projetos\\banco-api-tests\\test\\login.test.js",
          "file": "\\test\\login.test.js",
          "beforeHooks": [],
          "afterHooks": [],
          "tests": [],
          "suites": [
            {
              "uuid": "04ee69d8-99ed-4315-8ab3-b64881248bbe",
              "title": "POST /login",
              "fullFile": "C:\\Projetos\\banco-api-tests\\test\\login.test.js",
              "file": "\\test\\login.test.js",
              "beforeHooks": [],
              "afterHooks": [],
              "tests": [
                {
                  "title": "Deve retornar 200 ao utilizar credenciais válidas",
                  "fullTitle": "Login POST /login Deve retornar 200 ao utilizar credenciais válidas",
                  "timedOut": false,
                  "duration": 184,
                  "state": "passed",
                  "speed": "slow",
                  "pass": true,
                  "fail": false,
                  "pending": false,
                  "context": null,
                  "code": "const bodyLogin = {...postLogin}\nconst resposta = await request(process.env.BASE_URL)\n    .post('/login')\n    .set('Content-Type', 'application/json')\n    .send(bodyLogin)\n\n\nexpect(resposta.status).to.equal(200);\nexpect(resposta.body.token).to.be.a('string');",
                  "err": {},
                  "uuid": "79f45842-80f9-48e4-8c75-f87ff61ea8be",
                  "parentUUID": "04ee69d8-99ed-4315-8ab3-b64881248bbe",
                  "isHook": false,
                  "skipped": false
                }
              ],
              "suites": [],
              "passes": [
                "79f45842-80f9-48e4-8c75-f87ff61ea8be"
              ],
              "failures": [],
              "pending": [],
              "skipped": [],
              "duration": 184,
              "root": false,
              "rootEmpty": false,
              "_timeout": 200000
            }
          ],
          "passes": [],
          "failures": [],
          "pending": [],
          "skipped": [],
          "duration": 0,
          "root": false,
          "rootEmpty": false,
          "_timeout": 200000
        },
        {
          "uuid": "63001cfb-2f2f-4193-b484-81b665262875",
          "title": "Transferencias",
          "fullFile": "C:\\Projetos\\banco-api-tests\\test\\transferencia.test.js",
          "file": "\\test\\transferencia.test.js",
          "beforeHooks": [],
          "afterHooks": [],
          "tests": [],
          "suites": [
            {
              "uuid": "9be0e771-8fce-4d7b-ad54-d9190ddc7417",
              "title": "POST /transferencias",
              "fullFile": "C:\\Projetos\\banco-api-tests\\test\\transferencia.test.js",
              "file": "\\test\\transferencia.test.js",
              "beforeHooks": [
                {
                  "title": "\"before each\" hook in \"POST /transferencias\"",
                  "fullTitle": "Transferencias POST /transferencias \"before each\" hook in \"POST /transferencias\"",
                  "timedOut": false,
                  "duration": 4,
                  "state": null,
                  "speed": null,
                  "pass": false,
                  "fail": false,
                  "pending": false,
                  "context": null,
                  "code": "token = await obterToken('julio.lima', '123456')",
                  "err": {},
                  "uuid": "2d1d60e9-ea72-4b87-ba27-15eeaccc9fc7",
                  "parentUUID": "9be0e771-8fce-4d7b-ad54-d9190ddc7417",
                  "isHook": true,
                  "skipped": false
                }
              ],
              "afterHooks": [],
              "tests": [
                {
                  "title": "Deve retornar sucesso com 201 quando o valor da transferência for acima de 10 reais",
                  "fullTitle": "Transferencias POST /transferencias Deve retornar sucesso com 201 quando o valor da transferência for acima de 10 reais",
                  "timedOut": false,
                  "duration": 70,
                  "state": "passed",
                  "speed": "medium",
                  "pass": true,
                  "fail": false,
                  "pending": false,
                  "context": null,
                  "code": "const bodyTransferencias = { ...postTransferencias}\n  const resposta = await request(process.env.BASE_URL)\n      .post('/transferencias')\n      .set('Content-Type', 'application/json')\n      .set('Authorization', `Bearer ${token}`)\n      .send(bodyTransferencias)\n  \n  expect(resposta.status).to.equal(201);\n  console.log(resposta.body)",
                  "err": {},
                  "uuid": "9ac6baa0-428e-4cc2-88fc-2aaa9ff735f5",
                  "parentUUID": "9be0e771-8fce-4d7b-ad54-d9190ddc7417",
                  "isHook": false,
                  "skipped": false
                },
                {
                  "title": "Deve retornar falha com 422 quando o valor da transferência for abaixo de 10 reais",
                  "fullTitle": "Transferencias POST /transferencias Deve retornar falha com 422 quando o valor da transferência for abaixo de 10 reais",
                  "timedOut": false,
                  "duration": 4,
                  "state": "passed",
                  "speed": "fast",
                  "pass": true,
                  "fail": false,
                  "pending": false,
                  "context": null,
                  "code": "const bodyTransferencias = { ...postTransferencias}\nbodyTransferencias.valor = 8\n\nconst resposta = await request('http://localhost:3000')\n    .post('/transferencias')\n    .set('Content-Type', 'application/json')\n    .set('Authorization', `Bearer ${token}`)\n    .send(bodyTransferencias)\n\nexpect(resposta.status).to.equal(422);\nconsole.log(resposta.body)",
                  "err": {},
                  "uuid": "51da678a-2e9a-431b-81f7-0aa59b79456e",
                  "parentUUID": "9be0e771-8fce-4d7b-ad54-d9190ddc7417",
                  "isHook": false,
                  "skipped": false
                }
              ],
              "suites": [],
              "passes": [
                "9ac6baa0-428e-4cc2-88fc-2aaa9ff735f5",
                "51da678a-2e9a-431b-81f7-0aa59b79456e"
              ],
              "failures": [],
              "pending": [],
              "skipped": [],
              "duration": 74,
              "root": false,
              "rootEmpty": false,
              "_timeout": 200000
            }
          ],
          "passes": [],
          "failures": [],
          "pending": [],
          "skipped": [],
          "duration": 0,
          "root": false,
          "rootEmpty": false,
          "_timeout": 200000
        }
      ],
      "passes": [],
      "failures": [],
      "pending": [],
      "skipped": [],
      "duration": 0,
      "root": true,
      "rootEmpty": true,
      "_timeout": 200000
    }
  ],
  "meta": {
    "mocha": {
      "version": "11.7.5"
    },
    "mochawesome": {
      "options": {
        "quiet": false,
        "reportFilename": "mochawesome",
        "saveHtml": true,
        "saveJson": true,
        "consoleReporter": "spec",
        "useInlineDiffs": false,
        "code": true
      },
      "version": "7.1.4"
    },
    "marge": {
      "options": null,
      "version": "6.3.2"
    }
  }
}